<?xml version="1.0" encoding="UTF-8"?>
<testsuite xmlns:xsi="http://www.w3.org/2001/XMLSchema-instance" xsi:noNamespaceSchemaLocation="https://maven.apache.org/surefire/maven-surefire-plugin/xsd/surefire-test-report-3.0.xsd" version="3.0" name="org.apache.gravitino.iceberg.service.dispatcher.TestIcebergTableOperationExecutor" time="0.026" tests="5" errors="0" skipped="0" failures="0">
  <properties>
[...]
</properties>
  <testcase name="testCreateTablePreservesStageCreateTrue" classname="org.apache.gravitino.iceberg.service.dispatcher.TestIcebergTableOperationExecutor" time="0.023"/>
  <testcase name="testCreateTablePreservesOwnerForAnonymousUser" classname="org.apache.gravitino.iceberg.service.dispatcher.TestIcebergTableOperationExecutor" time="0.0"/>
  <testcase name="testCreateTableOverridesOwnerWithAuthenticatedUser" classname="org.apache.gravitino.iceberg.service.dispatcher.TestIcebergTableOperationExecutor" time="0.001"/>
  <testcase name="testCreateTableAddsOwnerWhenMissing" classname="org.apache.gravitino.iceberg.service.dispatcher.TestIcebergTableOperationExecutor" time="0.001"/>
  <testcase name="testCreateTablePreservesStageCreateFalse" classname="org.apache.gravitino.iceberg.service.dispatcher.TestIcebergTableOperationExecutor" time="0.0"/>
</testsuite>